[11:20:47] [main]: Initializing program.
[11:20:47] [Image]: Initializing Image default constructor
[11:20:47] [loadImage]: Image loaded successfully.
[11:20:47] [createFilter]: sobel selected.
[11:20:47] [Image]: Initializing Image default constructor
[11:20:47] [applyFilter]: Applying Filter Sobel...
[11:20:47] [applyFilter]: 24 number of threads available.
[11:20:47] [applyFilter]: 24 threads on execution.
[11:20:47] [applyFilter]: Sobel Algorithm ended. Execution time: 0.127016 ms for 1920x1280 pixels processed.
[11:20:47] [applyFilter]: Thread 0 processed 1278 rows.
[11:20:47] [applyFilter]: Thread 1 processed 1278 rows.
[11:20:47] [applyFilter]: Thread 2 processed 1278 rows.
[11:20:47] [applyFilter]: Thread 3 processed 1278 rows.
[11:20:47] [applyFilter]: Thread 4 processed 1278 rows.
[11:20:47] [applyFilter]: Thread 5 processed 1278 rows.
[11:20:47] [applyFilter]: Thread 6 processed 1278 rows.
[11:20:47] [applyFilter]: Thread 7 processed 1278 rows.
[11:20:47] [applyFilter]: Thread 8 processed 1278 rows.
[11:20:47] [applyFilter]: Thread 9 processed 1278 rows.
[11:20:47] [applyFilter]: Thread 10 processed 1278 rows.
[11:20:47] [applyFilter]: Thread 11 processed 1278 rows.
[11:20:47] [applyFilter]: Thread 12 processed 1278 rows.
[11:20:47] [applyFilter]: Thread 13 processed 1278 rows.
[11:20:47] [applyFilter]: Thread 14 processed 1278 rows.
[11:20:47] [applyFilter]: Thread 15 processed 1278 rows.
[11:20:47] [applyFilter]: Thread 16 processed 1278 rows.
[11:20:47] [applyFilter]: Thread 17 processed 1278 rows.
[11:20:47] [applyFilter]: Thread 18 processed 1278 rows.
[11:20:47] [applyFilter]: Thread 19 processed 1278 rows.
[11:20:47] [applyFilter]: Thread 20 processed 1278 rows.
[11:20:47] [applyFilter]: Thread 21 processed 1278 rows.
[11:20:47] [applyFilter]: Thread 22 processed 1278 rows.
[11:20:47] [applyFilter]: Thread 23 processed 1278 rows.
[11:20:47] [saveImage]: Image saved successfully
